<?xml version="1.0" encoding="UTF-8"?>
<!-- Generated by org.testng.reporters.JUnitXMLReporter -->
<testsuite hostname="DESKTOP-C0A8MKT" ignored="0" name="AddCustomerPageTest" tests="2" failures="1" timestamp="12 Jul 2021 04:34:43 GMT" time="8.686" errors="0">
  <testcase name="addcust" time="0.045" classname="test.AddCustomerPageTest">
    <failure type="java.lang.NullPointerException">
      <![CDATA[java.lang.NullPointerException
at org.openqa.selenium.support.pagefactory.DefaultElementLocator.findElement(DefaultElementLocator.java:69)
at org.openqa.selenium.support.pagefactory.internal.LocatingElementHandler.invoke(LocatingElementHandler.java:38)
at com.sun.proxy.$Proxy8.getText(Unknown Source)
at Page.AddCustomerPage.verifyAddCustomerPage(AddCustomerPage.java:54)
at test.AddCustomerPageTest.addcust(AddCustomerPageTest.java:43)
... Removed 25 stack frames]]>
    </failure>
  </testcase> <!-- addcust -->
  <testcase name="validUserLoginTest" time="8.606" classname="test.AddCustomerPageTest"/>
</testsuite> <!-- AddCustomerPageTest -->
