<?xml version="1.0" encoding="UTF-8"?>
<!-- Generated by org.testng.reporters.JUnitXMLReporter -->
<testsuite hostname="DESKTOP-C0A8MKT" ignored="1" name="AddCustomerPageTest(failed)(failed)" tests="1" failures="1" timestamp="07 Jun 2021 05:37:24 GMT" time="0.076" errors="0">
  <testcase name="addcust" time="0.044" classname="test.AddCustomerPageTest">
    <failure type="java.lang.NullPointerException">
      <![CDATA[java.lang.NullPointerException
at org.openqa.selenium.support.pagefactory.DefaultElementLocator.findElement(DefaultElementLocator.java:69)
at org.openqa.selenium.support.pagefactory.internal.LocatingElementHandler.invoke(LocatingElementHandler.java:38)
at com.sun.proxy.$Proxy8.getText(Unknown Source)
at Page.AddCustomerPage.verifyAddCustomerPage(AddCustomerPage.java:54)
at test.AddCustomerPageTest.addcust(AddCustomerPageTest.java:42)
... Removed 25 stack frames]]>
    </failure>
  </testcase> <!-- addcust -->
  <testcase name="validUserLoginTest" time="0.0" classname="test.AddCustomerPageTest">
    <ignored/>
  </testcase> <!-- validUserLoginTest -->
</testsuite> <!-- AddCustomerPageTest(failed)(failed) -->
