<?xml version="1.0" encoding="UTF-8"?>
<!-- Generated by org.testng.reporters.JUnitXMLReporter -->
<testsuite hostname="DESKTOP-C0A8MKT" ignored="1" name="AddCustomerPageTest(failed)" tests="1" failures="1" timestamp="07 Jun 2021 05:37:08 GMT" time="0.042" errors="0">
  <testcase name="addcust" time="0.011" classname="test.AddCustomerPageTest">
    <failure type="java.lang.Error" message="Unresolved compilation problem: 
	fullname cannot be resolved to a variable
">
      <![CDATA[java.lang.Error: Unresolved compilation problem: 
fullname cannot be resolved to a variable

at test.AddCustomerPageTest.addcust(AddCustomerPageTest.java:43)
... Removed 25 stack frames]]>
    </failure>
  </testcase> <!-- addcust -->
  <testcase name="validUserLoginTest" time="0.0" classname="test.AddCustomerPageTest">
    <ignored/>
  </testcase> <!-- validUserLoginTest -->
</testsuite> <!-- AddCustomerPageTest(failed) -->
