<?xml version="1.0" encoding="UTF-8"?>
<testng-results skipped="0" failed="1" ignored="0" total="2" passed="1">
  <reporter-output>
  </reporter-output>
  <suite name="Regression" duration-ms="8686" started-at="2021-07-12T04:34:34Z" finished-at="2021-07-12T04:34:43Z">
    <groups>
    </groups>
    <test name="AddCustomerPageTest" duration-ms="8686" started-at="2021-07-12T04:34:34Z" finished-at="2021-07-12T04:34:43Z">
      <class name="test.AddCustomerPageTest">
        <test-method status="FAIL" signature="addcust(java.lang.String, java.lang.String, java.lang.String, java.lang.String, java.lang.String, java.lang.String, java.lang.String, java.lang.String, java.lang.String, java.lang.String, java.lang.String, java.lang.String)[pri:0, instance:test.AddCustomerPageTest@5c7fa833]" name="addcust" duration-ms="45" started-at="2021-07-12T04:34:34Z" finished-at="2021-07-12T04:34:34Z">
          <params>
            <param index="0">
              <value>
                <![CDATA[demo@techfios.com]]>
              </value>
            </param>
            <param index="1">
              <value>
                <![CDATA[abc123]]>
              </value>
            </param>
            <param index="2">
              <value>
                <![CDATA[ParkingLot]]>
              </value>
            </param>
            <param index="3">
              <value>
                <![CDATA[Google]]>
              </value>
            </param>
            <param index="4">
              <value>
                <![CDATA[123emailhotmail@yahoo.com]]>
              </value>
            </param>
            <param index="5">
              <value>
                <![CDATA[123456@123]]>
              </value>
            </param>
            <param index="6">
              <value>
                <![CDATA[123,nkdnid dr]]>
              </value>
            </param>
            <param index="7">
              <value>
                <![CDATA[kkr]]>
              </value>
            </param>
            <param index="8">
              <value>
                <![CDATA[oklahman]]>
              </value>
            </param>
            <param index="9">
              <value>
                <![CDATA[121343]]>
              </value>
            </param>
            <param index="10">
              <value>
                <![CDATA[United Kingdom]]>
              </value>
            </param>
            <param index="11">
              <value>
                <![CDATA[USD]]>
              </value>
            </param>
          </params>
          <exception class="java.lang.NullPointerException">
            <full-stacktrace>
              <![CDATA[java.lang.NullPointerException
at org.openqa.selenium.support.pagefactory.DefaultElementLocator.findElement(DefaultElementLocator.java:69)
at org.openqa.selenium.support.pagefactory.internal.LocatingElementHandler.invoke(LocatingElementHandler.java:38)
at com.sun.proxy.$Proxy8.getText(Unknown Source)
at Page.AddCustomerPage.verifyAddCustomerPage(AddCustomerPage.java:54)
at test.AddCustomerPageTest.addcust(AddCustomerPageTest.java:43)
at sun.reflect.NativeMethodAccessorImpl.invoke0(Native Method)
at sun.reflect.NativeMethodAccessorImpl.invoke(NativeMethodAccessorImpl.java:62)
at sun.reflect.DelegatingMethodAccessorImpl.invoke(DelegatingMethodAccessorImpl.java:43)
at java.lang.reflect.Method.invoke(Method.java:498)
at org.testng.internal.MethodInvocationHelper.invokeMethod(MethodInvocationHelper.java:124)
at org.testng.internal.Invoker.invokeMethod(Invoker.java:583)
at org.testng.internal.Invoker.invokeTestMethod(Invoker.java:719)
at org.testng.internal.Invoker.invokeTestMethods(Invoker.java:989)
at org.testng.internal.TestMethodWorker.invokeTestMethods(TestMethodWorker.java:125)
at org.testng.internal.TestMethodWorker.run(TestMethodWorker.java:109)
at org.testng.TestRunner.privateRun(TestRunner.java:648)
at org.testng.TestRunner.run(TestRunner.java:505)
at org.testng.SuiteRunner.runTest(SuiteRunner.java:455)
at org.testng.SuiteRunner.runSequentially(SuiteRunner.java:450)
at org.testng.SuiteRunner.privateRun(SuiteRunner.java:415)
at org.testng.SuiteRunner.run(SuiteRunner.java:364)
at org.testng.SuiteRunnerWorker.runSuite(SuiteRunnerWorker.java:52)
at org.testng.SuiteRunnerWorker.run(SuiteRunnerWorker.java:84)
at org.testng.TestNG.runSuitesSequentially(TestNG.java:1208)
at org.testng.TestNG.runSuitesLocally(TestNG.java:1137)
at org.testng.TestNG.runSuites(TestNG.java:1049)
at org.testng.TestNG.run(TestNG.java:1017)
at org.testng.remote.AbstractRemoteTestNG.run(AbstractRemoteTestNG.java:115)
at org.testng.remote.RemoteTestNG.initAndRun(RemoteTestNG.java:251)
at org.testng.remote.RemoteTestNG.main(RemoteTestNG.java:77)
]]>
            </full-stacktrace>
          </exception> <!-- java.lang.NullPointerException -->
          <reporter-output>
          </reporter-output>
        </test-method> <!-- addcust -->
        <test-method status="PASS" signature="validUserLoginTest(java.lang.String, java.lang.String, java.lang.String, java.lang.String, java.lang.String, java.lang.String, java.lang.String, java.lang.String, java.lang.String, java.lang.String, java.lang.String, java.lang.String)[pri:0, instance:test.AddCustomerPageTest@5c7fa833]" name="validUserLoginTest" duration-ms="8606" started-at="2021-07-12T04:34:34Z" finished-at="2021-07-12T04:34:43Z">
          <params>
            <param index="0">
              <value>
                <![CDATA[demo@techfios.com]]>
              </value>
            </param>
            <param index="1">
              <value>
                <![CDATA[abc123]]>
              </value>
            </param>
            <param index="2">
              <value>
                <![CDATA[ParkingLot]]>
              </value>
            </param>
            <param index="3">
              <value>
                <![CDATA[Google]]>
              </value>
            </param>
            <param index="4">
              <value>
                <![CDATA[123emailhotmail@yahoo.com]]>
              </value>
            </param>
            <param index="5">
              <value>
                <![CDATA[123456@123]]>
              </value>
            </param>
            <param index="6">
              <value>
                <![CDATA[123,nkdnid dr]]>
              </value>
            </param>
            <param index="7">
              <value>
                <![CDATA[kkr]]>
              </value>
            </param>
            <param index="8">
              <value>
                <![CDATA[oklahman]]>
              </value>
            </param>
            <param index="9">
              <value>
                <![CDATA[121343]]>
              </value>
            </param>
            <param index="10">
              <value>
                <![CDATA[United Kingdom]]>
              </value>
            </param>
            <param index="11">
              <value>
                <![CDATA[USD]]>
              </value>
            </param>
          </params>
          <reporter-output>
          </reporter-output>
        </test-method> <!-- validUserLoginTest -->
      </class> <!-- test.AddCustomerPageTest -->
    </test> <!-- AddCustomerPageTest -->
  </suite> <!-- Regression -->
</testng-results>
